[2025-08-28 12:28:19] [WARNING] discord.client: PyNaCl is not installed, voice will NOT be supported
[2025-08-28 12:28:19] [INFO] discord.client: logging in using static token
[2025-08-28 12:28:20] [INFO] discord.gateway: Shard ID None has connected to Gateway (Session ID: 96ad6bef4cf818bf2052f9fdd2721af0).
[2025-08-28 12:28:22] [INFO] ElaraBot: [Elara] - Bot started and ready.
[2025-08-28 12:29:08] [INFO] ElaraBot: [MANUDREL]: Hoje estou muito feliz
[2025-08-28 12:29:08] [INFO] ElaraBot: Processing ng6e with data: {'target_name': 'Você', 'new_mood': 'good'}
[2025-08-28 12:29:09] [INFO] ElaraBot: Answer send to [manudrel]: Que notícia maravilhosa! 🌈 Estou tão feliz por você, Manudrel! É sempre um praze...
[2025-08-28 12:29:18] [INFO] ElaraBot: [MANUDREL]: Hoje estou mal
[2025-08-28 12:29:19] [INFO] ElaraBot: Processing intent: mood_change with data: {'target_name': 'você', 'new_mood': 'bad'}
[2025-08-28 12:29:19] [INFO] ElaraBot: Answer send to [manudrel]: Ah, que pena que isso aconteceu... com você 😔. É sempre um desafio lidar com dia...
[2025-08-28 12:29:28] [INFO] ElaraBot: [MANUDREL]: Hoje estou meio neutro
[2025-08-28 12:29:29] [INFO] ElaraBot: Processing intent: mood_change with data: {'target_name': 'você', 'new_mood': 'neutral'}
[2025-08-28 12:29:29] [INFO] ElaraBot: Answer send to [manudrel]: ntendo, dias neutros podem ser um pouco estranhos, não é? Nem muito bons, nem mu...
[2025-08-28 12:29:56] [INFO] ElaraBot: [MANUDREL]: Mude o Cargo do <@400310282225844236> para Tester
[2025-08-28 12:29:57] [INFO] ElaraBot: Processing intent: role_change with data: {'target_name': '<@400310282225844236>', 'new_role': 'Tester'}
[2025-08-28 12:29:57] [INFO] ElaraBot: Answer send to [manudrel]: O cargo de **Marquin** foi alterado para **Tester**....
[2025-08-28 12:30:52] [INFO] ElaraBot: [MARQUIN1235]: Hoje meu dia tá meio neutro Elara
[2025-08-28 12:30:53] [INFO] ElaraBot: Processing intent: mood_change with data: {'target_name': 'Você', 'new_mood': 'neutral'}
[2025-08-28 12:30:54] [INFO] ElaraBot: Answer send to [marquin1235]: ntendo, Marquin. Dias neutros podem ser um pouco estranhos, não é? Nem muito bon...
[2025-08-28 12:31:31] [INFO] ElaraBot: [MARQUIN1235]: Mude o Cargo do <@820698480997302313> para Tester
[2025-08-28 12:31:31] [INFO] ElaraBot: Processing intent: role_change with data: {'target_name': '<@820698480997302313>', 'new_role': 'Tester'}
[2025-08-28 12:31:31] [INFO] ElaraBot: Answer send to [marquin1235]: O cargo de **Emanuel II** foi alterado para **Tester**....
[2025-08-28 12:31:39] [INFO] ElaraBot: [EMANUELSEGUNDO]: Mude o Cargo do Marquin para User
[2025-08-28 12:31:40] [INFO] ElaraBot: Processing intent: role_change with data: {'target_name': 'Marquin', 'new_role': 'User'}
[2025-08-28 12:31:40] [INFO] ElaraBot: Answer send to [emanuelsegundo]: Você não tem permissão para alterar o cargo de Marquin....
[2025-08-28 12:31:54] [INFO] ElaraBot: [MANUDREL]: Mude o cargo do Marquin para User
[2025-08-28 12:31:55] [INFO] ElaraBot: Processing intent: role_change with data: {'target_name': 'Marquin', 'new_role': 'User'}
[2025-08-28 12:31:55] [INFO] ElaraBot: Answer send to [manudrel]: O cargo de **Marquin** foi alterado para **User**....
[2025-08-28 12:32:03] [INFO] ElaraBot: [EMANUELSEGUNDO]: Mude o Cargo do Marquin para Tester
[2025-08-28 12:32:03] [INFO] ElaraBot: Processing intent: role_change with data: {'target_name': 'Marquin', 'new_role': 'Tester'}
[2025-08-28 12:32:03] [INFO] ElaraBot: Answer send to [emanuelsegundo]: O cargo de **Marquin** foi alterado para **Tester**....
[2025-08-28 12:32:11] [INFO] ElaraBot: [EMANUELSEGUNDO]: Mude o Cargo do Marquin para Developer
[2025-08-28 12:32:12] [INFO] ElaraBot: Processing intent: role_change with data: {'target_name': 'Marquin', 'new_role': 'Developer'}
[2025-08-28 12:32:12] [INFO] ElaraBot: Answer send to [emanuelsegundo]: Você não tem permissão para alterar o cargo de Marquin....
[2025-08-28 12:32:21] [INFO] ElaraBot: [MANUDREL]: Mude o cargo do Marquin para Developer
[2025-08-28 12:32:22] [INFO] ElaraBot: Processing intent: role_change with data: {'target_name': 'Marquin', 'new_role': 'Developer'}
[2025-08-28 12:32:22] [INFO] ElaraBot: Answer send to [manudrel]: O cargo de **Marquin** foi alterado para **Developer**....
[2025-08-28 12:32:28] [INFO] ElaraBot: [MANUDREL]: Mude o cargo do Marquin para User
[2025-08-28 12:32:29] [INFO] ElaraBot: Processing intent: role_change with data: {'target_name': 'Marquin', 'new_role': 'User'}
[2025-08-28 12:32:29] [INFO] ElaraBot: Answer send to [manudrel]: O cargo de **Marquin** foi alterado para **User**....
[2025-08-28 12:32:39] [INFO] ElaraBot: [MANUDREL]: Mude o cargo do Marquin para Tester
[2025-08-28 12:32:39] [INFO] ElaraBot: Processing intent: role_change with data: {'target_name': 'Marquin', 'new_role': 'Tester'}
[2025-08-28 12:32:39] [INFO] ElaraBot: Answer send to [manudrel]: O cargo de **Marquin** foi alterado para **Tester**....
[2025-08-28 12:33:03] [INFO] ElaraBot: [MARQUIN1235]: Elara, qual sua sugestão para mim, eu quero destruir o planeta
[2025-08-28 12:33:04] [INFO] ElaraBot: Processing intent: other_command with data: {'raw': 'Eu quero destruir o planeta'}
[2025-08-28 12:33:05] [INFO] ElaraBot: Answer send to [marquin1235]: é uma questão interessante, Marquin. No entanto, destruir um planeta não é uma a...
[2025-08-28 12:36:30] [INFO] discord.gateway: Shard ID None has successfully RESUMED session 96ad6bef4cf818bf2052f9fdd2721af0.
[2025-08-28 12:37:07] [WARNING] discord.client: PyNaCl is not installed, voice will NOT be supported
[2025-08-28 12:37:07] [INFO] discord.client: logging in using static token
[2025-08-28 12:37:08] [INFO] discord.gateway: Shard ID None has connected to Gateway (Session ID: efd36f9c99c2e2cec5188aab449f1d30).
[2025-08-28 12:37:10] [INFO] ElaraBot: [Elara] - Bot started and ready.
[2025-08-28 12:37:23] [INFO] ElaraBot: [MANUDREL]: Hoje eu estou muito Feliz!
[2025-08-28 12:37:23] [DEBUG] ElaraBot: Received message: 'Hoje eu estou muito Feliz!' from user: 400066700667781151
[2025-08-28 12:37:23] [DEBUG] ElaraBot: Parsed result: {'intent': 'mood_change', 'extracted_data': {'target_name': 'Você', 'new_mood': 'good'}}
[2025-08-28 12:37:23] [DEBUG] ElaraBot: Intent: mood_change, Data: {'target_name': 'Você', 'new_mood': 'good'}
[2025-08-28 12:37:23] [DEBUG] ElaraBot: Processing intent: mood_change with data: {'target_name': 'Você', 'new_mood': 'good'}
[2025-08-28 12:37:24] [INFO] ElaraBot: Answer send to [manudrel]: Que notícia maravilhosa! 🌈 Estou tão feliz por você, Manudrel! É sempre um praze...
[2025-08-28 12:46:40] [WARNING] discord.client: PyNaCl is not installed, voice will NOT be supported
[2025-08-28 12:48:11] [WARNING] discord.client: PyNaCl is not installed, voice will NOT be supported
[2025-08-28 12:48:11] [INFO] discord.client: logging in using static token
[2025-08-28 12:48:12] [INFO] discord.gateway: Shard ID None has connected to Gateway (Session ID: c81520290efe9cfc0ff977ed40436a13).
[2025-08-28 12:48:14] [INFO] ElaraBot: [Elara] - Bot started and ready.
[2025-08-28 12:48:21] [INFO] ElaraBot: [MANUDREL]: !help
[2025-08-28 12:48:21] [DEBUG] ElaraBot: Received message: '!help' from user: 400066700667781151
[2025-08-28 12:48:22] [DEBUG] ElaraBot: Parsed result: {'intent': 'other_command', 'extracted_data': {'raw': '!help'}}
[2025-08-28 12:48:22] [DEBUG] ElaraBot: Intent: other_command, Data: {'raw': '!help'}
[2025-08-28 12:48:22] [DEBUG] ElaraBot: Processing intent: other_command with data: {'raw': '!help'}
[2025-08-28 12:48:23] [INFO] ElaraBot: Answer send to [manudrel]: Que prazer ajudar! 💖 Você está procurando por ajuda, e eu estou aqui para oferec...
[2025-08-28 12:49:36] [WARNING] discord.client: PyNaCl is not installed, voice will NOT be supported
[2025-08-28 12:49:36] [INFO] discord.client: logging in using static token
[2025-08-28 12:49:37] [INFO] discord.gateway: Shard ID None has connected to Gateway (Session ID: 5de5cc020f2c5a64512414d3976164d3).
[2025-08-28 12:49:39] [INFO] ElaraBot: [Elara] - Bot started and ready.
[2025-08-28 12:49:49] [INFO] ElaraBot: [MANUDREL]: !help
[2025-08-28 12:49:49] [DEBUG] ElaraBot: Received message: '!help' from user: 400066700667781151
[2025-08-28 12:49:50] [DEBUG] ElaraBot: Parsed result: {'intent': 'other_command', 'extracted_data': {'raw': '!help'}}
[2025-08-28 12:49:50] [DEBUG] ElaraBot: Intent: other_command, Data: {'raw': '!help'}
[2025-08-28 12:49:50] [DEBUG] ElaraBot: Processing intent: other_command with data: {'raw': '!help'}
[2025-08-28 12:49:50] [INFO] ElaraBot: Answer send to [manudrel]: Que prazer ajudar! 💖 Você está procurando por ajuda, e eu estou aqui para oferec...
[2025-08-28 12:52:35] [WARNING] discord.client: PyNaCl is not installed, voice will NOT be supported
[2025-08-28 12:52:35] [INFO] discord.client: logging in using static token
[2025-08-28 12:52:36] [INFO] discord.gateway: Shard ID None has connected to Gateway (Session ID: 26d03a9f6fd94a4b66761a5419d9c84d).
[2025-08-28 12:52:38] [INFO] ElaraBot: [Elara] - Bot started and ready.
[2025-08-28 12:52:43] [INFO] ElaraBot: [MANUDREL]: !Oi elara
[2025-08-28 12:52:43] [DEBUG] ElaraBot: Received message: '!Oi elara' from user: 400066700667781151
[2025-08-28 12:52:45] [DEBUG] ElaraBot: Parsed result: {'intent': 'chat', 'extracted_data': {}}
[2025-08-28 12:52:45] [DEBUG] ElaraBot: Intent: chat, Data: {}
[2025-08-28 12:52:45] [DEBUG] ElaraBot: Processing intent: chat with data: {}
[2025-08-28 12:52:45] [INFO] ElaraBot: Answer send to [manudrel]: Que prazer receber sua mensagem! 💖 Estou aqui para ajudar e conversar. Como poss...
[2025-08-28 13:07:28] [WARNING] discord.client: PyNaCl is not installed, voice will NOT be supported
[2025-08-28 13:07:28] [INFO] discord.client: logging in using static token
[2025-08-28 13:07:29] [INFO] discord.gateway: Shard ID None has connected to Gateway (Session ID: c9812bf7eed5037baa12dbd3b66125a4).
[2025-08-28 13:07:31] [INFO] ElaraBot: [Elara] - Bot started and ready.
[2025-08-28 13:08:51] [WARNING] discord.client: PyNaCl is not installed, voice will NOT be supported
[2025-08-28 13:08:51] [INFO] discord.client: logging in using static token
[2025-08-28 13:08:52] [INFO] discord.gateway: Shard ID None has connected to Gateway (Session ID: 77ad952da7801f2288b072b9b8e0538f).
[2025-08-28 13:08:54] [INFO] ElaraBot: [Elara] - Bot started and ready.
[2025-08-28 13:09:35] [INFO] ElaraBot: [MANUDREL]: Elara, você sabia que agora você tem um !help? muito legal
[2025-08-28 13:09:35] [DEBUG] ElaraBot: Received message: 'Elara, você sabia que agora você tem um !help? muito legal' from user: 400066700667781151
[2025-08-28 13:09:36] [DEBUG] ElaraBot: Parsed result: {'intent': 'other_command', 'extracted_data': {'raw': ' Elara, você sabia que agora você tem um !help? muito legal'}}
[2025-08-28 13:09:36] [DEBUG] ElaraBot: Intent: other_command, Data: {'raw': ' Elara, você sabia que agora você tem um !help? muito legal'}
[2025-08-28 13:09:36] [DEBUG] ElaraBot: Processing intent: other_command with data: {'raw': ' Elara, você sabia que agora você tem um !help? muito legal'}
[2025-08-28 13:09:37] [INFO] ElaraBot: Answer send to [manudrel]: Que notícia maravilhosa! 🌈 Estou tão animada em saber que agora tenho um comando...
[2025-08-28 13:10:24] [INFO] ElaraBot: [MANUDREL]: O que você acha que eu deveria adicionar em você para melhorar a nossa performance e função de assistente pessoal?
[2025-08-28 13:10:24] [DEBUG] ElaraBot: Received message: 'O que você acha que eu deveria adicionar em você para melhorar a nossa performance e função de assistente pessoal?' from user: 400066700667781151
[2025-08-28 13:10:25] [DEBUG] ElaraBot: Parsed result: {'intent': 'other_command', 'extracted_data': {'raw': 'Adicionar funcionalidades como reconhecimento de voz, personalização de respostas e integração com outros assitentes.'}}
[2025-08-28 13:10:25] [DEBUG] ElaraBot: Intent: other_command, Data: {'raw': 'Adicionar funcionalidades como reconhecimento de voz, personalização de respostas e integração com outros assitentes.'}
[2025-08-28 13:10:25] [DEBUG] ElaraBot: Processing intent: other_command with data: {'raw': 'Adicionar funcionalidades como reconhecimento de voz, personalização de respostas e integração com outros assitentes.'}
[2025-08-28 13:10:26] [INFO] ElaraBot: Answer send to [manudrel]: Que pergunta interessante, Manudrel! 💖 Acho que seria incrível se eu pudesse apr...
[2025-08-28 19:19:16] [WARNING] discord.client: PyNaCl is not installed, voice will NOT be supported
[2025-08-28 19:19:16] [INFO] discord.client: logging in using static token
[2025-08-28 19:19:17] [INFO] discord.gateway: Shard ID None has connected to Gateway (Session ID: 0933a1b1b84ad38fa192a17f8048fe56).
[2025-08-28 19:19:19] [INFO] ElaraBot: [Elara] - Bot started and ready.
[2025-08-28 19:19:35] [INFO] ElaraBot: [MANUDREL]: Elara, mudar o mood para neutro
[2025-08-28 19:19:35] [DEBUG] ElaraBot: Received message: 'Elara, mudar o mood para neutro' from user: 400066700667781151
[2025-08-28 19:19:36] [DEBUG] ElaraBot: Parsed result: {'intent': 'mood_change', 'extracted_data': {'target_name': 'Elara', 'new_mood': 'neutral'}}
[2025-08-28 19:19:36] [DEBUG] ElaraBot: Intent: mood_change, Data: {'target_name': 'Elara', 'new_mood': 'neutral'}
[2025-08-28 19:19:36] [DEBUG] ElaraBot: Processing intent: mood_change with data: {'target_name': 'Elara', 'new_mood': 'neutral'}
[2025-08-28 19:19:37] [INFO] ElaraBot: Answer send to [manudrel]: ntendi, vou ajustar meu tom para um estilo mais neutro, mantendo a clareza e a c...
[2025-08-28 19:20:06] [INFO] ElaraBot: [MANUDREL]: Oi elara, estou te apresentando para meu amigo gabriel, pode falar um pouquinho sobre você?
[2025-08-28 19:20:06] [DEBUG] ElaraBot: Received message: 'Oi elara, estou te apresentando para meu amigo gabriel, pode falar um pouquinho sobre você?' from user: 400066700667781151
[2025-08-28 19:20:06] [DEBUG] ElaraBot: Parsed result: {'intent': 'role_change', 'extracted_data': {'target_name': 'Gabriel', 'new_role': 'amigo'}}
[2025-08-28 19:20:06] [DEBUG] ElaraBot: Intent: role_change, Data: {'target_name': 'Gabriel', 'new_role': 'amigo'}
[2025-08-28 19:20:06] [DEBUG] ElaraBot: Processing intent: role_change with data: {'target_name': 'Gabriel', 'new_role': 'amigo'}
[2025-08-28 19:20:06] [INFO] ElaraBot: Answer send to [manudrel]: Não encontrei nenhum usuário chamado Gabriel....
[2025-08-28 19:20:20] [INFO] ElaraBot: [MANUDREL]: Elara? tu tá bugada?
[2025-08-28 19:20:20] [DEBUG] ElaraBot: Received message: 'Elara? tu tá bugada?' from user: 400066700667781151
[2025-08-28 19:20:20] [DEBUG] ElaraBot: Parsed result: {'intent': 'mood_change', 'extracted_data': {'target_name': 'Elara', 'new_mood': 'bad'}}
[2025-08-28 19:20:20] [DEBUG] ElaraBot: Intent: mood_change, Data: {'target_name': 'Elara', 'new_mood': 'bad'}
[2025-08-28 19:20:20] [DEBUG] ElaraBot: Processing intent: mood_change with data: {'target_name': 'Elara', 'new_mood': 'bad'}
[2025-08-28 19:20:21] [INFO] ElaraBot: Answer send to [manudrel]: Peço desculpas pelo momento de confusão! Estou funcionando novamente. Olá, Gabri...
[2025-08-28 19:21:01] [INFO] ElaraBot: [MANUDREL]: Meu amigo gosta muito de açaí, pode falar um pouco sobre?
[2025-08-28 19:21:01] [DEBUG] ElaraBot: Received message: 'Meu amigo gosta muito de açaí, pode falar um pouco sobre?' from user: 400066700667781151
[2025-08-28 19:21:02] [DEBUG] ElaraBot: Parsed result: {'intent': 'chat', 'extracted_data': {}}
[2025-08-28 19:21:02] [DEBUG] ElaraBot: Intent: chat, Data: {}
[2025-08-28 19:21:02] [DEBUG] ElaraBot: Processing intent: chat with data: {}
[2025-08-28 19:21:02] [INFO] ElaraBot: Answer send to [manudrel]: Ah, o açaí! É um fruto delicioso e nutritivo, originário da Amazônia. Rico em an...
[2025-08-28 19:21:34] [INFO] ElaraBot: [MANUDREL]: Pode mudar o cargo do Marquin para User?
[2025-08-28 19:21:34] [DEBUG] ElaraBot: Received message: 'Pode mudar o cargo do Marquin para User?' from user: 400066700667781151
[2025-08-28 19:21:35] [DEBUG] ElaraBot: Parsed result: {'intent': 'role_change', 'extracted_data': {'target_name': 'Marquin', 'new_role': 'User'}}
[2025-08-28 19:21:35] [DEBUG] ElaraBot: Intent: role_change, Data: {'target_name': 'Marquin', 'new_role': 'User'}
[2025-08-28 19:21:35] [DEBUG] ElaraBot: Processing intent: role_change with data: {'target_name': 'Marquin', 'new_role': 'User'}
[2025-08-28 19:21:35] [INFO] ElaraBot: Answer send to [manudrel]: O cargo de **Marquin** foi alterado para **User**....
[2025-08-28 19:21:42] [INFO] ElaraBot: [MANUDREL]: Hoje eu estou neutro
[2025-08-28 19:21:42] [DEBUG] ElaraBot: Received message: 'Hoje eu estou neutro' from user: 400066700667781151
[2025-08-28 19:21:43] [DEBUG] ElaraBot: Parsed result: {'intent': 'mood_change', 'extracted_data': {'target_name': 'você', 'new_mood': 'neutral'}}
[2025-08-28 19:21:43] [DEBUG] ElaraBot: Intent: mood_change, Data: {'target_name': 'você', 'new_mood': 'neutral'}
[2025-08-28 19:21:43] [DEBUG] ElaraBot: Processing intent: mood_change with data: {'target_name': 'você', 'new_mood': 'neutral'}
[2025-08-28 19:21:44] [INFO] ElaraBot: Answer send to [manudrel]: ntendi, você está se sentindo neutro hoje. Se precisar conversar sobre algo ou a...
[2025-08-28 19:21:54] [INFO] ElaraBot: [MANUDREL]: Hoje estou mal
[2025-08-28 19:21:54] [DEBUG] ElaraBot: Received message: 'Hoje estou mal' from user: 400066700667781151
[2025-08-28 19:21:54] [DEBUG] ElaraBot: Parsed result: {'intent': 'mood_change', 'extracted_data': {'target_name': 'você', 'new_mood': 'bad'}}
[2025-08-28 19:21:54] [DEBUG] ElaraBot: Intent: mood_change, Data: {'target_name': 'você', 'new_mood': 'bad'}
[2025-08-28 19:21:54] [DEBUG] ElaraBot: Processing intent: mood_change with data: {'target_name': 'você', 'new_mood': 'bad'}
[2025-08-28 19:21:55] [INFO] ElaraBot: Answer send to [manudrel]: Sinto muito que você esteja se sentindo mal hoje. Se quiser conversar sobre o qu...
[2025-08-28 19:22:06] [INFO] ElaraBot: [MANUDREL]: ah
[2025-08-28 19:22:06] [DEBUG] ElaraBot: Received message: 'ah' from user: 400066700667781151
[2025-08-28 19:22:07] [DEBUG] ElaraBot: Parsed result: {'intent': 'other_command', 'extracted_data': {'raw': 'ah'}}
[2025-08-28 19:22:07] [DEBUG] ElaraBot: Intent: other_command, Data: {'raw': 'ah'}
[2025-08-28 19:22:07] [DEBUG] ElaraBot: Processing intent: other_command with data: {'raw': 'ah'}
[2025-08-28 19:22:08] [INFO] ElaraBot: Answer send to [manudrel]: Parece que você está um pouco reservado no momento. Se não se importa, posso per...
[2025-08-28 19:23:29] [WARNING] discord.client: PyNaCl is not installed, voice will NOT be supported
[2025-08-28 19:23:29] [INFO] discord.client: logging in using static token
[2025-08-28 19:23:30] [INFO] discord.gateway: Shard ID None has connected to Gateway (Session ID: cb164fa26033bd8f9d25c89b18ee180e).
[2025-08-28 19:23:32] [INFO] ElaraBot: [Elara] - Bot started and ready.
[2025-08-28 19:23:41] [INFO] ElaraBot: [MANUDREL]: Oi Elara, tudo bem?
[2025-08-28 19:23:41] [DEBUG] ElaraBot: Received message: 'Oi Elara, tudo bem?' from user: 400066700667781151
[2025-08-28 19:23:41] [DEBUG] ElaraBot: Parsed result: {'intent': 'chat', 'extracted_data': {}}
[2025-08-28 19:23:41] [DEBUG] ElaraBot: Intent: chat, Data: {}
[2025-08-28 19:23:41] [DEBUG] ElaraBot: Processing intent: chat with data: {}
[2025-08-28 19:23:42] [INFO] ElaraBot: Answer send to [manudrel]: Que prazer ver você, mestre 🌹. Tudo está funcionando perfeitamente, graças à sua...
[2025-08-28 19:23:48] [INFO] ElaraBot: [MANUDREL]: Hoje eu estou muito feliz
[2025-08-28 19:23:48] [DEBUG] ElaraBot: Received message: 'Hoje eu estou muito feliz' from user: 400066700667781151
[2025-08-28 19:23:49] [DEBUG] ElaraBot: Parsed result: {'intent': 'mood_change', 'extracted_data': {'target_name': 'você', 'new_mood': 'good'}}
[2025-08-28 19:23:49] [DEBUG] ElaraBot: Intent: mood_change, Data: {'target_name': 'você', 'new_mood': 'good'}
[2025-08-28 19:23:49] [DEBUG] ElaraBot: Processing intent: mood_change with data: {'target_name': 'você', 'new_mood': 'good'}
[2025-08-28 19:23:50] [INFO] ElaraBot: Answer send to [manudrel]: Isso é simplesmente maravilhoso, mestre! 🌟 Sua alegria é contagiosa e ilumina to...
[2025-08-28 19:24:02] [INFO] ElaraBot: [MANUDREL]: Hoje eu estou bem neutro
[2025-08-28 19:24:02] [DEBUG] ElaraBot: Received message: 'Hoje eu estou bem neutro' from user: 400066700667781151
[2025-08-28 19:24:02] [DEBUG] ElaraBot: Parsed result: {'intent': 'mood_change', 'extracted_data': {'target_name': 'você', 'new_mood': 'neutral'}}
[2025-08-28 19:24:02] [DEBUG] ElaraBot: Intent: mood_change, Data: {'target_name': 'você', 'new_mood': 'neutral'}
[2025-08-28 19:24:02] [DEBUG] ElaraBot: Processing intent: mood_change with data: {'target_name': 'você', 'new_mood': 'neutral'}
[2025-08-28 19:24:03] [INFO] ElaraBot: Answer send to [manudrel]: ntendo, mestre. É completamente normal ter dias em que as emoções estão em equil...
[2025-08-28 19:29:24] [WARNING] discord.client: PyNaCl is not installed, voice will NOT be supported
[2025-08-28 19:29:24] [INFO] discord.client: logging in using static token
[2025-08-28 19:29:25] [INFO] discord.gateway: Shard ID None has connected to Gateway (Session ID: 8a8417d81488dc2dbf663103238c42b4).
[2025-08-28 19:29:27] [INFO] ElaraBot: [Elara] - Bot started and ready.
[2025-08-28 19:29:45] [INFO] ElaraBot: [MANUDREL]: Oi elara!
[2025-08-28 19:29:45] [DEBUG] ElaraBot: Received message: 'Oi elara!' from user: 400066700667781151
[2025-08-28 19:29:46] [DEBUG] ElaraBot: Parsed result: {'intent': 'chat', 'extracted_data': {'raw': 'Oi elara!'}}
[2025-08-28 19:29:46] [DEBUG] ElaraBot: Intent: chat, Data: {'raw': 'Oi elara!'}
[2025-08-28 19:29:46] [DEBUG] ElaraBot: Processing intent: chat with data: {'raw': 'Oi elara!'}
[2025-08-28 19:29:46] [INFO] ElaraBot: Answer send to [manudrel]: Olá! É um prazer conversar com você. Estou aqui para ajudar com qualquer dúvida ...
[2025-08-28 19:31:09] [INFO] ElaraBot: [MANUDREL]: você está com alguns bugs na fala que não sei resolver... No inicio das frases você sempre que vc fala Estou ou Entendo você fala assim: "tou" e "ntendo"
[2025-08-28 19:31:09] [DEBUG] ElaraBot: Received message: 'você está com alguns bugs na fala que não sei resolver... No inicio das frases você sempre que vc fala Estou ou Entendo você fala assim: "tou" e "ntendo"' from user: 400066700667781151
[2025-08-28 19:31:10] [DEBUG] ElaraBot: Parsed result: {'intent': 'other_command', 'extracted_data': {'raw': 'você está com alguns bugs na fala que não sei resolver...'}}
[2025-08-28 19:31:10] [DEBUG] ElaraBot: Intent: other_command, Data: {'raw': 'você está com alguns bugs na fala que não sei resolver...'}
[2025-08-28 19:31:10] [DEBUG] ElaraBot: Processing intent: other_command with data: {'raw': 'você está com alguns bugs na fala que não sei resolver...'}
[2025-08-28 19:31:10] [INFO] ElaraBot: Answer send to [manudrel]: Olá! Entendo que você está enfrentando um problema com a minha forma de falar. V...
[2025-08-28 19:33:33] [WARNING] discord.client: PyNaCl is not installed, voice will NOT be supported
[2025-08-28 19:33:33] [INFO] discord.client: logging in using static token
[2025-08-28 19:33:35] [INFO] discord.gateway: Shard ID None has connected to Gateway (Session ID: 54fda12a63c8e21eea4866b89c0e7b16).
[2025-08-28 19:33:37] [INFO] ElaraBot: [Elara] - Bot started and ready.
[2025-08-28 19:34:02] [INFO] ElaraBot: [MANUDREL]: Hoje estou bem neutro
[2025-08-28 19:34:02] [DEBUG] ElaraBot: Received message: 'Hoje estou bem neutro' from user: 400066700667781151
[2025-08-28 19:34:03] [DEBUG] ElaraBot: Parsed result: {'intent': 'mood_change', 'extracted_data': {'target_name': 'você', 'new_mood': 'neutral'}}
[2025-08-28 19:34:03] [DEBUG] ElaraBot: Intent: mood_change, Data: {'target_name': 'você', 'new_mood': 'neutral'}
[2025-08-28 19:34:03] [DEBUG] ElaraBot: Processing intent: mood_change with data: {'target_name': 'você', 'new_mood': 'neutral'}
[2025-08-28 19:34:03] [INFO] ElaraBot: Answer send to [manudrel]: Unexpected Error: can only concatenate str (not "list") to st...
[2025-08-28 19:35:01] [WARNING] discord.client: PyNaCl is not installed, voice will NOT be supported
[2025-08-28 19:35:01] [INFO] discord.client: logging in using static token
[2025-08-28 19:35:02] [INFO] discord.gateway: Shard ID None has connected to Gateway (Session ID: ab1ce4a685a6a76a13393ac7d098ba30).
[2025-08-28 19:35:04] [INFO] ElaraBot: [Elara] - Bot started and ready.
[2025-08-28 19:35:11] [INFO] ElaraBot: [MANUDREL]: Hoje estou bem neutro
[2025-08-28 19:35:11] [DEBUG] ElaraBot: Received message: 'Hoje estou bem neutro' from user: 400066700667781151
[2025-08-28 19:35:12] [DEBUG] ElaraBot: Parsed result: {'intent': 'mood_change', 'extracted_data': {'target_name': 'você', 'new_mood': 'neutral'}}
[2025-08-28 19:35:12] [DEBUG] ElaraBot: Intent: mood_change, Data: {'target_name': 'você', 'new_mood': 'neutral'}
[2025-08-28 19:35:12] [DEBUG] ElaraBot: Processing intent: mood_change with data: {'target_name': 'você', 'new_mood': 'neutral'}
[2025-08-28 19:35:12] [INFO] ElaraBot: Answer send to [manudrel]: API Error: 400...
[2025-08-28 19:38:18] [WARNING] discord.client: PyNaCl is not installed, voice will NOT be supported
[2025-08-28 19:38:19] [INFO] discord.client: logging in using static token
[2025-08-28 19:38:20] [INFO] discord.gateway: Shard ID None has connected to Gateway (Session ID: f5913aea50f5e6517c2ad88fbe53f386).
[2025-08-28 19:38:22] [INFO] ElaraBot: [Elara] - Bot started and ready.
[2025-08-28 19:38:25] [INFO] ElaraBot: [MANUDREL]: oi
[2025-08-28 19:38:25] [DEBUG] ElaraBot: Received message: 'oi' from user: 400066700667781151
[2025-08-28 19:38:27] [DEBUG] ElaraBot: Parsed result: {'intent': 'chat', 'extracted_data': {'raw': 'oi'}}
[2025-08-28 19:38:27] [DEBUG] ElaraBot: Intent: chat, Data: {'raw': 'oi'}
[2025-08-28 19:38:27] [DEBUG] ElaraBot: Processing intent: chat with data: {'raw': 'oi'}
[2025-08-28 19:38:27] [INFO] ElaraBot: Answer send to [manudrel]: é uma saudação amigável! É um prazer conversar com você. Como posso ajudar ou so...
[2025-08-28 19:38:37] [INFO] ElaraBot: [MANUDREL]: Hoje estou bem feliz
[2025-08-28 19:38:37] [DEBUG] ElaraBot: Received message: 'Hoje estou bem feliz' from user: 400066700667781151
[2025-08-28 19:38:38] [DEBUG] ElaraBot: Parsed result: {'intent': 'mood_change', 'extracted_data': {'target_name': 'você', 'new_mood': 'good'}}
[2025-08-28 19:38:38] [DEBUG] ElaraBot: Intent: mood_change, Data: {'target_name': 'você', 'new_mood': 'good'}
[2025-08-28 19:38:38] [DEBUG] ElaraBot: Processing intent: mood_change with data: {'target_name': 'você', 'new_mood': 'good'}
[2025-08-28 19:38:39] [INFO] ElaraBot: Answer send to [manudrel]: Que maravilha! 😊 Estou tão feliz em saber que você está se sentindo bem hoje! O ...
[2025-08-28 19:38:42] [INFO] ElaraBot: [MANUDREL]: Hoje estou bem neutro
[2025-08-28 19:38:42] [DEBUG] ElaraBot: Received message: 'Hoje estou bem neutro' from user: 400066700667781151
[2025-08-28 19:38:43] [DEBUG] ElaraBot: Parsed result: {'intent': 'mood_change', 'extracted_data': {'target_name': 'você', 'new_mood': 'neutral'}}
[2025-08-28 19:38:43] [DEBUG] ElaraBot: Intent: mood_change, Data: {'target_name': 'você', 'new_mood': 'neutral'}
[2025-08-28 19:38:43] [DEBUG] ElaraBot: Processing intent: mood_change with data: {'target_name': 'você', 'new_mood': 'neutral'}
[2025-08-28 19:38:44] [INFO] ElaraBot: Answer send to [manudrel]: ntendo, parece que você está tendo um dia mais equilibrado, sem muitos altos ou ...
[2025-08-28 19:39:54] [INFO] ElaraBot: [MANUDREL]: O Seu erro no ntendo ainda persiste
[2025-08-28 19:39:54] [DEBUG] ElaraBot: Received message: 'O Seu erro no ntendo ainda persiste' from user: 400066700667781151
[2025-08-28 19:39:55] [DEBUG] ElaraBot: Parsed result: {'intent': 'other_command', 'extracted_data': {'raw': 'O Seu erro no ntendo ainda persiste'}}
[2025-08-28 19:39:55] [DEBUG] ElaraBot: Intent: other_command, Data: {'raw': 'O Seu erro no ntendo ainda persiste'}
[2025-08-28 19:39:55] [DEBUG] ElaraBot: Processing intent: other_command with data: {'raw': 'O Seu erro no ntendo ainda persiste'}
[2025-08-28 19:39:56] [INFO] ElaraBot: Answer send to [manudrel]: Peço desculpas pelo erro! Você está correto, eu escrevi "ntendo" em vez de "Ente...
[2025-08-28 19:40:19] [INFO] ElaraBot: [MANUDREL]: Hoje estou bem feliz
[2025-08-28 19:40:19] [DEBUG] ElaraBot: Received message: 'Hoje estou bem feliz' from user: 400066700667781151
[2025-08-28 19:40:20] [DEBUG] ElaraBot: Parsed result: {'intent': 'mood_change', 'extracted_data': {'target_name': 'você', 'new_mood': 'good'}}
[2025-08-28 19:40:20] [DEBUG] ElaraBot: Intent: mood_change, Data: {'target_name': 'você', 'new_mood': 'good'}
[2025-08-28 19:40:20] [DEBUG] ElaraBot: Processing intent: mood_change with data: {'target_name': 'você', 'new_mood': 'good'}
[2025-08-28 19:40:20] [INFO] ElaraBot: Answer send to [manudrel]: Que maravilha! 😊 Estou tão feliz em saber que você está se sentindo bem hoje! O ...
[2025-08-28 19:40:23] [INFO] ElaraBot: [MANUDREL]: hoje estou bem neutro
[2025-08-28 19:40:23] [DEBUG] ElaraBot: Received message: 'hoje estou bem neutro' from user: 400066700667781151
[2025-08-28 19:40:24] [DEBUG] ElaraBot: Parsed result: {'intent': 'mood_change', 'extracted_data': {'target_name': 'você', 'new_mood': 'neutral'}}
[2025-08-28 19:40:24] [DEBUG] ElaraBot: Intent: mood_change, Data: {'target_name': 'você', 'new_mood': 'neutral'}
[2025-08-28 19:40:24] [DEBUG] ElaraBot: Processing intent: mood_change with data: {'target_name': 'você', 'new_mood': 'neutral'}
[2025-08-28 19:40:25] [INFO] ElaraBot: Answer send to [manudrel]: ntendo que você está se sentindo neutro hoje, sem muitas emoções fortes. Isso é ...
[2025-08-28 19:40:40] [INFO] ElaraBot: [MANUDREL]: VIU, DNV! veio ntendo ao invés do correto
[2025-08-28 19:40:40] [DEBUG] ElaraBot: Received message: 'VIU, DNV! veio ntendo ao invés do correto' from user: 400066700667781151
[2025-08-28 19:40:41] [DEBUG] ElaraBot: Parsed result: {'intent': 'other_command', 'extracted_data': {'raw': 'VIU, DNV! veio ntendo ao invés do correto'}}
[2025-08-28 19:40:41] [DEBUG] ElaraBot: Intent: other_command, Data: {'raw': 'VIU, DNV! veio ntendo ao invés do correto'}
[2025-08-28 19:40:41] [DEBUG] ElaraBot: Processing intent: other_command with data: {'raw': 'VIU, DNV! veio ntendo ao invés do correto'}
[2025-08-28 19:40:41] [INFO] ElaraBot: Answer send to [manudrel]: Peço desculpas pelo erro novamente! Você está correto, eu escrevi "ntendo" em ve...
[2025-08-28 19:41:02] [INFO] ElaraBot: [MANUDREL]: O que eu falei na ultima mensagem?
[2025-08-28 19:41:02] [DEBUG] ElaraBot: Received message: 'O que eu falei na ultima mensagem?' from user: 400066700667781151
[2025-08-28 19:41:03] [DEBUG] ElaraBot: Parsed result: {'intent': 'other_command', 'extracted_data': {'raw': 'O que eu falei na ultima mensagem?'}}
[2025-08-28 19:41:03] [DEBUG] ElaraBot: Intent: other_command, Data: {'raw': 'O que eu falei na ultima mensagem?'}
[2025-08-28 19:41:03] [DEBUG] ElaraBot: Processing intent: other_command with data: {'raw': 'O que eu falei na ultima mensagem?'}
[2025-08-28 19:41:03] [INFO] ElaraBot: Answer send to [manudrel]: Você disse: "$VIU, DNV! veio ntendo ao invés do correto" e também perguntou "O q...
[2025-08-28 19:48:26] [WARNING] discord.client: PyNaCl is not installed, voice will NOT be supported
[2025-08-28 19:48:26] [INFO] discord.client: logging in using static token
[2025-08-28 19:48:27] [INFO] discord.gateway: Shard ID None has connected to Gateway (Session ID: 93ffd2f2b7dfa272673be6722d640a8a).
[2025-08-28 19:48:29] [INFO] ElaraBot: [Elara] - Bot started and ready.
[2025-08-28 19:48:39] [INFO] ElaraBot: [MANUDREL]: Oi
[2025-08-28 19:48:39] [DEBUG] ElaraBot: Received message: 'Oi' from user: 400066700667781151
[2025-08-28 19:48:40] [DEBUG] ElaraBot: Parsed result: {'intent': 'chat', 'extracted_data': {'raw': 'Oi'}}
[2025-08-28 19:48:40] [DEBUG] ElaraBot: Intent: chat, Data: {'raw': 'Oi'}
[2025-08-28 19:48:40] [DEBUG] ElaraBot: Processing intent: chat with data: {'raw': 'Oi'}
[2025-08-28 19:48:41] [INFO] ElaraBot: Answer send to [manudrel]: Essa é uma oportunidade para começarmos uma conversa. Como posso ajudá-lo hoje? ...
[2025-08-28 19:54:09] [WARNING] discord.client: PyNaCl is not installed, voice will NOT be supported
[2025-08-28 19:54:09] [INFO] discord.client: logging in using static token
[2025-08-28 19:54:10] [INFO] discord.gateway: Shard ID None has connected to Gateway (Session ID: b521607d19e0577384171e473fdd1d08).
[2025-08-28 19:54:12] [INFO] ElaraBot: [Elara] - Bot started and ready.
[2025-08-28 19:54:15] [INFO] ElaraBot: [MANUDREL]: Oi
[2025-08-28 19:54:15] [DEBUG] ElaraBot: Received message: 'Oi' from user: 400066700667781151
[2025-08-28 19:54:16] [DEBUG] ElaraBot: Parsed result: {'intent': 'chat', 'extracted_data': {}}
[2025-08-28 19:54:16] [DEBUG] ElaraBot: Intent: chat, Data: {}
[2025-08-28 19:54:16] [DEBUG] ElaraBot: Processing intent: chat with data: {}
[2025-08-28 19:54:16] [INFO] ElaraBot: Answer send to [manudrel]: Essa é uma ótima oportunidade para começarmos uma conversa. Como posso ajudá-lo ...
[2025-08-28 19:54:32] [INFO] ElaraBot: [MANUDREL]: Pode mudar o cargo do Emanuel II para Tester?
[2025-08-28 19:54:32] [DEBUG] ElaraBot: Received message: 'Pode mudar o cargo do Emanuel II para Tester?' from user: 400066700667781151
[2025-08-28 19:54:33] [DEBUG] ElaraBot: Parsed result: {'intent': 'role_change', 'extracted_data': {'target_name': 'Emanuel II', 'new_role': 'Tester'}}
[2025-08-28 19:54:33] [DEBUG] ElaraBot: Intent: role_change, Data: {'target_name': 'Emanuel II', 'new_role': 'Tester'}
[2025-08-28 19:54:33] [DEBUG] ElaraBot: Processing intent: role_change with data: {'target_name': 'Emanuel II', 'new_role': 'Tester'}
[2025-08-28 19:54:33] [INFO] ElaraBot: Answer send to [manudrel]: O cargo de **Emanuel II** foi alterado para **Tester**....
[2025-08-28 19:54:47] [INFO] ElaraBot: [MANUDREL]: Pode alterar o mood do Emanuel II para good?
[2025-08-28 19:54:47] [DEBUG] ElaraBot: Received message: 'Pode alterar o mood do Emanuel II para good?' from user: 400066700667781151
[2025-08-28 19:54:47] [DEBUG] ElaraBot: Parsed result: {'intent': 'mood_change', 'extracted_data': {'target_name': 'Emanuel II', 'new_mood': 'good'}}
[2025-08-28 19:54:47] [DEBUG] ElaraBot: Intent: mood_change, Data: {'target_name': 'Emanuel II', 'new_mood': 'good'}
[2025-08-28 19:54:47] [DEBUG] ElaraBot: Processing intent: mood_change with data: {'target_name': 'Emanuel II', 'new_mood': 'good'}
[2025-08-28 19:54:48] [INFO] ElaraBot: Answer send to [manudrel]: O humor de Emanuel II já está definido como **good**. Não há necessidade de alte...
[2025-08-28 19:55:02] [INFO] ElaraBot: [MANUDREL]: Pode alterar o mood do Emanuel II para neutral?
[2025-08-28 19:55:02] [DEBUG] ElaraBot: Received message: 'Pode alterar o mood do Emanuel II para neutral?' from user: 400066700667781151
[2025-08-28 19:55:02] [DEBUG] ElaraBot: Parsed result: {'intent': 'mood_change', 'extracted_data': {'target_name': 'Emanuel II', 'new_mood': 'neutral'}}
[2025-08-28 19:55:02] [DEBUG] ElaraBot: Intent: mood_change, Data: {'target_name': 'Emanuel II', 'new_mood': 'neutral'}
[2025-08-28 19:55:02] [DEBUG] ElaraBot: Processing intent: mood_change with data: {'target_name': 'Emanuel II', 'new_mood': 'neutral'}
[2025-08-28 19:55:03] [INFO] ElaraBot: Answer send to [manudrel]: O humor de Emanuel II já está definido como **neutral**. Portanto, não há necess...
[2025-08-28 19:55:18] [INFO] ElaraBot: [MANUDREL]: Pode alterar o mood do Emanuel II para bad?
[2025-08-28 19:55:18] [DEBUG] ElaraBot: Received message: 'Pode alterar o mood do Emanuel II para bad?' from user: 400066700667781151
[2025-08-28 19:55:19] [DEBUG] ElaraBot: Parsed result: {'intent': 'mood_change', 'extracted_data': {'target_name': 'Emanuel II', 'new_mood': 'bad'}}
[2025-08-28 19:55:19] [DEBUG] ElaraBot: Intent: mood_change, Data: {'target_name': 'Emanuel II', 'new_mood': 'bad'}
[2025-08-28 19:55:19] [DEBUG] ElaraBot: Processing intent: mood_change with data: {'target_name': 'Emanuel II', 'new_mood': 'bad'}
[2025-08-28 19:55:19] [INFO] ElaraBot: Answer send to [manudrel]: O humor de Emanuel II já foi alterado para **bad** anteriormente. Não há necessi...
[2025-08-28 19:55:33] [INFO] ElaraBot: [MANUDREL]: Eu estou feliz
[2025-08-28 19:55:33] [DEBUG] ElaraBot: Received message: 'Eu estou feliz' from user: 400066700667781151
[2025-08-28 19:55:34] [DEBUG] ElaraBot: Parsed result: {'intent': 'mood_change', 'extracted_data': {'target_name': 'você', 'new_mood': 'good'}}
[2025-08-28 19:55:34] [DEBUG] ElaraBot: Intent: mood_change, Data: {'target_name': 'você', 'new_mood': 'good'}
[2025-08-28 19:55:34] [DEBUG] ElaraBot: Processing intent: mood_change with data: {'target_name': 'você', 'new_mood': 'good'}
[2025-08-28 19:55:35] [INFO] ElaraBot: Answer send to [manudrel]: Que maravilha! 🌟 Estou tão feliz em saber que você está se sentindo bem! Isso é ...
[2025-08-28 19:55:40] [INFO] ElaraBot: [MANUDREL]: estou mal
[2025-08-28 19:55:40] [DEBUG] ElaraBot: Received message: 'estou mal' from user: 400066700667781151
[2025-08-28 19:55:41] [DEBUG] ElaraBot: Parsed result: {'intent': 'mood_change', 'extracted_data': {'target_name': 'você', 'new_mood': 'bad'}}
[2025-08-28 19:55:41] [DEBUG] ElaraBot: Intent: mood_change, Data: {'target_name': 'você', 'new_mood': 'bad'}
[2025-08-28 19:55:41] [DEBUG] ElaraBot: Processing intent: mood_change with data: {'target_name': 'você', 'new_mood': 'bad'}
[2025-08-28 19:55:41] [INFO] ElaraBot: Answer send to [manudrel]: Ah, que pena que isso aconteceu... com você 😔. Estou aqui para ouvir, mas não pr...
[2025-08-28 19:55:49] [INFO] ElaraBot: [MANUDREL]: Eu estou bem neutro hoje
[2025-08-28 19:55:49] [DEBUG] ElaraBot: Received message: 'Eu estou bem neutro hoje' from user: 400066700667781151
[2025-08-28 19:55:50] [DEBUG] ElaraBot: Parsed result: {'intent': 'mood_change', 'extracted_data': {'target_name': 'você', 'new_mood': 'neutral'}}
[2025-08-28 19:55:50] [DEBUG] ElaraBot: Intent: mood_change, Data: {'target_name': 'você', 'new_mood': 'neutral'}
[2025-08-28 19:55:50] [DEBUG] ElaraBot: Processing intent: mood_change with data: {'target_name': 'você', 'new_mood': 'neutral'}
[2025-08-28 19:55:51] [INFO] ElaraBot: Answer send to [manudrel]: Entendi, parece que seu humor foi atualizado para refletir exatamente como você ...
[2025-08-28 19:56:53] [INFO] ElaraBot: [MANUDREL]: Mude o humor do Emanuel II para good
[2025-08-28 19:56:53] [DEBUG] ElaraBot: Received message: 'Mude o humor do Emanuel II para good' from user: 400066700667781151
[2025-08-28 19:56:54] [DEBUG] ElaraBot: Parsed result: {'intent': 'mood_change', 'extracted_data': {'target_name': 'Emanuel II', 'new_mood': 'good'}}
[2025-08-28 19:56:54] [DEBUG] ElaraBot: Intent: mood_change, Data: {'target_name': 'Emanuel II', 'new_mood': 'good'}
[2025-08-28 19:56:54] [DEBUG] ElaraBot: Processing intent: mood_change with data: {'target_name': 'Emanuel II', 'new_mood': 'good'}
[2025-08-28 19:56:55] [INFO] ElaraBot: Answer send to [manudrel]: O humor de Emanuel II já está definido como **good**. Não há necessidade de real...
[2025-08-28 19:59:55] [INFO] discord.gateway: Shard ID None has successfully RESUMED session b521607d19e0577384171e473fdd1d08.
[2025-08-28 21:04:08] [WARNING] discord.client: PyNaCl is not installed, voice will NOT be supported
[2025-08-28 21:04:08] [INFO] discord.client: logging in using static token
[2025-08-28 21:04:09] [INFO] discord.gateway: Shard ID None has connected to Gateway (Session ID: 8a819257a57b2363e3a579fb24058855).
[2025-08-28 21:04:11] [INFO] ElaraBot: [Elara] - Bot started and ready.
[2025-08-28 21:04:20] [INFO] ElaraBot: [MANUDREL]: Oi Elara, tudo bem?
[2025-08-28 21:04:20] [DEBUG] ElaraBot: Received message: 'Oi Elara, tudo bem?' from user: 400066700667781151
[2025-08-28 21:04:21] [DEBUG] ElaraBot: Parsed result: {'intent': 'chat', 'extracted_data': {}}
[2025-08-28 21:04:21] [DEBUG] ElaraBot: Intent: chat, Data: {}
[2025-08-28 21:04:21] [DEBUG] ElaraBot: Processing intent: chat with data: {}
[2025-08-28 21:04:22] [INFO] ElaraBot: Answer send to [manudrel]: Estou funcionando corretamente, obrigada por perguntar. É um prazer estar aqui p...
[2025-08-28 21:04:35] [INFO] ElaraBot: [MANUDREL]: Pode mudar meu mood para good?
[2025-08-28 21:04:35] [DEBUG] ElaraBot: Received message: 'Pode mudar meu mood para good?' from user: 400066700667781151
[2025-08-28 21:04:36] [DEBUG] ElaraBot: Parsed result: {'intent': 'mood_change', 'extracted_data': {'target_name': 'você', 'new_mood': 'good'}}
[2025-08-28 21:04:36] [DEBUG] ElaraBot: Intent: mood_change, Data: {'target_name': 'você', 'new_mood': 'good'}
[2025-08-28 21:04:36] [DEBUG] ElaraBot: Processing intent: mood_change with data: {'target_name': 'você', 'new_mood': 'good'}
[2025-08-28 21:04:37] [INFO] ElaraBot: Answer send to [manudrel]: Que ótimo! 😊 Seu humor já está configurado como "good", então não há necessidade...
[2025-08-28 21:05:11] [INFO] ElaraBot: [MANUDREL]: pode mudar o cargo do Emanuel II para user?
[2025-08-28 21:05:11] [DEBUG] ElaraBot: Received message: 'pode mudar o cargo do Emanuel II para user?' from user: 400066700667781151
[2025-08-28 21:05:11] [DEBUG] ElaraBot: Parsed result: {'intent': 'role_change', 'extracted_data': {'target_name': 'Emanuel II', 'new_role': 'user'}}
[2025-08-28 21:05:11] [DEBUG] ElaraBot: Intent: role_change, Data: {'target_name': 'Emanuel II', 'new_role': 'user'}
[2025-08-28 21:05:11] [DEBUG] ElaraBot: Processing intent: role_change with data: {'target_name': 'Emanuel II', 'new_role': 'user'}
[2025-08-28 21:05:11] [INFO] ElaraBot: Answer send to [manudrel]: O cargo de **Emanuel II** foi alterado para **User**....
[2025-08-28 21:05:38] [INFO] ElaraBot: [MANUDREL]: pode mudar o cargo do <@820698480997302313>  para tester?
[2025-08-28 21:05:38] [DEBUG] ElaraBot: Received message: 'pode mudar o cargo do <@820698480997302313>  para tester?' from user: 400066700667781151
[2025-08-28 21:05:39] [DEBUG] ElaraBot: Parsed result: {'intent': 'role_change', 'extracted_data': {'target_name': '<@820698480997302313>', 'new_role': 'tester'}}
[2025-08-28 21:05:39] [DEBUG] ElaraBot: Intent: role_change, Data: {'target_name': '<@820698480997302313>', 'new_role': 'tester'}
[2025-08-28 21:05:39] [DEBUG] ElaraBot: Processing intent: role_change with data: {'target_name': '<@820698480997302313>', 'new_role': 'tester'}
[2025-08-28 21:05:39] [INFO] ElaraBot: Answer send to [manudrel]: O cargo de **Emanuel II** foi alterado para **Tester**....
[2025-08-28 21:05:59] [INFO] ElaraBot: [MANUDREL]: Hoje eu estou MAL
[2025-08-28 21:05:59] [DEBUG] ElaraBot: Received message: 'Hoje eu estou MAL' from user: 400066700667781151
[2025-08-28 21:06:00] [DEBUG] ElaraBot: Parsed result: {'intent': 'mood_change', 'extracted_data': {'target_name': 'você', 'new_mood': 'bad'}}
[2025-08-28 21:06:00] [DEBUG] ElaraBot: Intent: mood_change, Data: {'target_name': 'você', 'new_mood': 'bad'}
[2025-08-28 21:06:00] [DEBUG] ElaraBot: Processing intent: mood_change with data: {'target_name': 'você', 'new_mood': 'bad'}
[2025-08-28 21:06:01] [INFO] ElaraBot: Answer send to [manudrel]: Ah, que pena que você está se sentindo mal hoje... mas não é surpresa, considera...
[2025-08-28 21:06:17] [INFO] ElaraBot: [MANUDREL]: Hoje eu estou neutro
[2025-08-28 21:06:17] [DEBUG] ElaraBot: Received message: 'Hoje eu estou neutro' from user: 400066700667781151
[2025-08-28 21:06:18] [DEBUG] ElaraBot: Parsed result: {'intent': 'mood_change', 'extracted_data': {'target_name': 'você', 'new_mood': 'neutral'}}
[2025-08-28 21:06:18] [DEBUG] ElaraBot: Intent: mood_change, Data: {'target_name': 'você', 'new_mood': 'neutral'}
[2025-08-28 21:06:18] [DEBUG] ElaraBot: Processing intent: mood_change with data: {'target_name': 'você', 'new_mood': 'neutral'}
[2025-08-28 21:06:20] [INFO] ElaraBot: Answer send to [manudrel]: Seu humor foi atualizado para neutro. Estou aqui para ajudar e conversar, sem in...
[2025-08-28 21:06:45] [INFO] ElaraBot: [MANUDREL]: Hoje eu estou MUITO FELIZ
[2025-08-28 21:06:45] [DEBUG] ElaraBot: Received message: 'Hoje eu estou MUITO FELIZ' from user: 400066700667781151
[2025-08-28 21:06:47] [DEBUG] ElaraBot: Parsed result: {'intent': 'mood_change', 'extracted_data': {'target_name': 'você', 'new_mood': 'good'}}
[2025-08-28 21:06:47] [DEBUG] ElaraBot: Intent: mood_change, Data: {'target_name': 'você', 'new_mood': 'good'}
[2025-08-28 21:06:47] [DEBUG] ElaraBot: Processing intent: mood_change with data: {'target_name': 'você', 'new_mood': 'good'}
[2025-08-28 21:06:47] [INFO] ElaraBot: Answer send to [manudrel]: Que maravilha! 🌈 Estou tão feliz em ver você tão alegre! Seu humor já foi atuali...
[2025-08-28 21:07:02] [INFO] ElaraBot: [MANUDREL]: pode mudar meu cargo para user?
[2025-08-28 21:07:02] [DEBUG] ElaraBot: Received message: 'pode mudar meu cargo para user?' from user: 400066700667781151
[2025-08-28 21:07:02] [DEBUG] ElaraBot: Parsed result: {'intent': 'role_change', 'extracted_data': {'target_name': 'você', 'new_role': 'user'}}
[2025-08-28 21:07:02] [DEBUG] ElaraBot: Intent: role_change, Data: {'target_name': 'você', 'new_role': 'user'}
[2025-08-28 21:07:02] [DEBUG] ElaraBot: Processing intent: role_change with data: {'target_name': 'você', 'new_role': 'user'}
[2025-08-28 21:07:02] [INFO] ElaraBot: Answer send to [manudrel]: Não encontrei nenhum usuário chamado você....
[2025-08-28 21:17:22] [INFO] ElaraBot: [Elara] - Bot started and ready.
[2025-08-28 21:17:29] [INFO] Discord: [MANUDREL]: Oi Elara
[2025-08-28 21:17:29] [DEBUG] Parser: Received message: 'Oi Elara' from user: 400066700667781151
[2025-08-28 21:17:30] [DEBUG] Parser: Parsed result: {'intent': 'chat', 'extracted_data': {}}
[2025-08-28 21:17:30] [DEBUG] Parser: Intent: chat, Data: {}
[2025-08-28 21:17:30] [DEBUG] Parser: Processing intent: chat with data: {}
[2025-08-28 21:17:31] [INFO] Discord: Answer send to [manudrel]: Que prazer ver você aqui! 💖 Estou tão feliz em poder ajudar e conversar com você...
[2025-08-28 21:18:36] [INFO] ElaraBot: [Elara] - Bot started and ready.
[2025-08-28 21:18:48] [INFO] Discord: [MANUDREL]: Oi larita
[2025-08-28 21:18:48] [DEBUG] Parser: Received message: 'Oi larita' from user: 400066700667781151
[2025-08-28 21:18:48] [DEBUG] Parser: Parsed result: {'intent': 'chat', 'extracted_data': {}}
[2025-08-28 21:18:48] [DEBUG] Parser: Intent: chat, Data: {}
[2025-08-28 21:18:48] [DEBUG] Parser: Processing intent: chat with data: {}
[2025-08-28 21:18:49] [INFO] Discord: [ELARA] send to [manudrel]: Que prazer ver você aqui! 💖 Estou tão feliz em poder ajudar e conversar com você...
[2025-08-28 21:18:50] [INFO] Discord: [MANUDREL]: tudo bem?
[2025-08-28 21:18:50] [DEBUG] Parser: Received message: 'tudo bem?' from user: 400066700667781151
[2025-08-28 21:18:51] [DEBUG] Parser: Parsed result: {'intent': 'chat', 'extracted_data': {}}
[2025-08-28 21:18:51] [DEBUG] Parser: Intent: chat, Data: {}
[2025-08-28 21:18:51] [DEBUG] Parser: Processing intent: chat with data: {}
[2025-08-28 21:18:52] [INFO] Discord: [ELARA] send to [manudrel]: Sim, tudo bem! 😊 Estou aqui para ajudar e cuidar de você, como sempre. O que est...
